[Sun, 25 Aug 2013 17:41:07 GMT] INFO Server starting with config: {
  "environment": "development",
  "workers": 1,
  "port": 4000,
  "spdy": null,
  "ssl": null,
  "debug": true,
  "rotateWorkers": false,
  "rotationWindow": 7200000,
  "rotationTimeout": 300000,
  "logDir": "/Users/spjanis/Workspace/student_search/git/log",
  "gracefulShutdownTimeout": 30000,
  "heartbeatInterval": 5000,
  "heartbeatWindow": 20000,
  "staticFilePath": "/Users/spjanis/Workspace/student_search/git/public",
  "sessions": {
    "store": "memory",
    "key": "sid",
    "expiry": 1209600
  },
  "cookieSessionKey": "sdata",
  "i18n": {
    "defaultLocale": "en-us",
    "loadPaths": [
      "/Users/spjanis/Workspace/student_search/git/config/locales"
    ]
  },
  "hostname": null,
  "fullHostname": null,
  "connectCompatibility": false,
  "detailedErrors": true,
  "model": {
    "defaultAdapter": "memory"
  }
}
[Sun, 25 Aug 2013 17:41:07 GMT] INFO Creating 1 worker process.
[Sun, 25 Aug 2013 17:41:07 GMT] INFO Server worker running in development on port 4000 with a PID of: 12525
[Sun, 25 Aug 2013 18:57:14 GMT] INFO Code changed, killing 12525, cycling ...
[Sun, 25 Aug 2013 18:57:14 GMT] INFO Creating 1 worker process.
[Sun, 25 Aug 2013 18:57:15 GMT] INFO Server worker running in development on port 4000 with a PID of: 13192
[Sun, 25 Aug 2013 18:58:04 GMT] INFO Code changed, killing 13192, cycling ...
[Sun, 25 Aug 2013 18:58:04 GMT] INFO Creating 1 worker process.
[Sun, 25 Aug 2013 18:58:04 GMT] INFO Server worker running in development on port 4000 with a PID of: 13198
[Sun, 25 Aug 2013 23:11:02 GMT] INFO Code changed, killing 13198, cycling ...
[Sun, 25 Aug 2013 23:11:02 GMT] INFO Creating 1 worker process.
[Sun, 25 Aug 2013 23:11:04 GMT] INFO Server worker running in development on port 4000 with a PID of: 13708
